TN:
SF:src\assets\cfgbuilding.png
FNF:0
FNH:0
LF:0
LH:0
BRF:0
BRH:0
end_of_record
TN:
SF:src\components\DeleteConfirmationModal.tsx
FN:11,(anonymous_0)
FNF:1
FNH:1
FNDA:51,(anonymous_0)
DA:11,1
DA:12,51
DA:14,4
LF:3
LH:3
BRDA:12,0,0,47
BRDA:12,0,1,4
BRF:2
BRH:2
end_of_record
TN:
SF:src\components\DeleteUserModal.tsx
FN:11,(anonymous_0)
FNF:1
FNH:1
FNDA:13,(anonymous_0)
DA:11,2
DA:12,13
DA:14,1
LF:3
LH:3
BRDA:12,0,0,12
BRDA:12,0,1,1
BRF:2
BRH:2
end_of_record
TN:
SF:src\components\EditLcnModal.tsx
FN:12,(anonymous_0)
FN:38,(anonymous_1)
FN:68,(anonymous_2)
FN:70,(anonymous_3)
FN:76,(anonymous_4)
FN:83,(anonymous_5)
FNF:6
FNH:6
FNDA:67,(anonymous_0)
FNDA:19,(anonymous_1)
FNDA:2,(anonymous_2)
FNDA:2,(anonymous_3)
FNDA:1,(anonymous_4)
FNDA:21,(anonymous_5)
DA:12,2
DA:13,67
DA:36,67
DA:38,67
DA:39,19
DA:40,6
DA:66,67
DA:68,14
DA:69,2
DA:70,2
DA:76,14
DA:77,1
DA:78,1
DA:79,1
DA:80,1
DA:83,1
DA:84,21
DA:85,12
DA:86,9
DA:87,2
DA:92,1
DA:93,0
DA:96,1
DA:98,1
DA:102,14
LF:25
LH:24
BRDA:39,0,0,6
BRDA:39,0,1,13
BRDA:41,1,0,6
BRDA:41,1,1,1
BRDA:42,2,0,6
BRDA:42,2,1,0
BRDA:43,3,0,6
BRDA:43,3,1,0
BRDA:44,4,0,6
BRDA:44,4,1,1
BRDA:45,5,0,6
BRDA:45,5,1,6
BRDA:46,6,0,6
BRDA:46,6,1,6
BRDA:47,7,0,0
BRDA:47,7,1,6
BRDA:48,8,0,6
BRDA:48,8,1,6
BRDA:49,9,0,6
BRDA:49,9,1,6
BRDA:50,10,0,6
BRDA:50,10,1,6
BRDA:51,11,0,6
BRDA:51,11,1,6
BRDA:52,12,0,6
BRDA:52,12,1,6
BRDA:53,13,0,6
BRDA:53,13,1,6
BRDA:54,14,0,6
BRDA:54,14,1,1
BRDA:55,15,0,6
BRDA:55,15,1,6
BRDA:56,16,0,6
BRDA:56,16,1,1
BRDA:57,17,0,0
BRDA:57,17,1,6
BRDA:58,18,0,0
BRDA:58,18,1,6
BRDA:59,19,0,0
BRDA:59,19,1,6
BRDA:60,20,0,6
BRDA:60,20,1,6
BRDA:61,21,0,6
BRDA:61,21,1,6
BRDA:66,22,0,53
BRDA:66,22,1,14
BRDA:66,23,0,67
BRDA:66,23,1,15
BRDA:72,24,0,1
BRDA:72,24,1,1
BRDA:84,25,0,12
BRDA:84,25,1,9
BRDA:86,26,0,2
BRDA:86,26,1,7
BRDA:86,27,0,9
BRDA:86,27,1,2
BRDA:92,28,0,0
BRDA:92,28,1,1
BRDA:92,29,0,1
BRDA:92,29,1,0
BRDA:240,30,0,1
BRDA:240,30,1,13
BRF:62
BRH:54
end_of_record
TN:
SF:src\components\ErrorModal.tsx
FN:10,(anonymous_0)
FNF:1
FNH:1
FNDA:51,(anonymous_0)
DA:10,1
DA:11,51
DA:13,1
LF:3
LH:3
BRDA:11,0,0,50
BRDA:11,0,1,1
BRF:2
BRH:2
end_of_record
TN:
SF:src\components\Logo.tsx
FN:8,(anonymous_0)
FNF:1
FNH:1
FNDA:20,(anonymous_0)
DA:8,1
DA:9,20
DA:15,20
LF:3
LH:3
BRDA:8,0,0,20
BRDA:8,1,0,20
BRF:2
BRH:2
end_of_record
TN:
SF:src\components\ProtectedRoute.tsx
FN:9,(anonymous_0)
FNF:1
FNH:1
FNDA:2,(anonymous_0)
DA:9,1
DA:10,2
DA:11,2
DA:13,2
DA:14,1
DA:17,1
LF:6
LH:6
BRDA:13,0,0,1
BRDA:13,0,1,1
BRF:2
BRH:2
end_of_record
TN:
SF:src\components\RoleProtectedRoute.tsx
FN:10,(anonymous_0)
FNF:1
FNH:1
FNDA:2,(anonymous_0)
DA:10,1
DA:11,2
DA:13,2
DA:15,1
DA:18,1
LF:5
LH:5
BRDA:13,0,0,1
BRDA:13,0,1,1
BRF:2
BRH:2
end_of_record
TN:
SF:src\pages\CreateLcnPage.tsx
FN:7,(anonymous_0)
FN:28,(anonymous_1)
FN:30,(anonymous_2)
FN:36,(anonymous_3)
FN:43,(anonymous_4)
FN:75,(anonymous_5)
FN:77,(anonymous_6)
FN:120,(anonymous_7)
FNF:8
FNH:7
FNDA:19,(anonymous_0)
FNDA:3,(anonymous_1)
FNDA:3,(anonymous_2)
FNDA:0,(anonymous_3)
FNDA:5,(anonymous_4)
FNDA:1,(anonymous_5)
FNDA:1,(anonymous_6)
FNDA:3,(anonymous_7)
DA:7,1
DA:8,19
DA:22,19
DA:23,19
DA:24,19
DA:25,19
DA:26,19
DA:28,19
DA:29,3
DA:30,3
DA:36,19
DA:37,0
DA:38,0
DA:39,0
DA:40,0
DA:43,19
DA:44,5
DA:45,5
DA:46,5
DA:47,5
DA:48,5
DA:50,5
DA:52,5
DA:53,5
DA:54,4
DA:55,4
DA:56,4
DA:57,4
DA:59,1
DA:60,1
DA:61,1
DA:62,1
DA:65,5
DA:66,2
DA:67,2
DA:69,3
DA:70,3
DA:71,2
DA:72,2
DA:74,2
DA:75,1
DA:76,1
DA:77,1
DA:79,2
DA:80,2
DA:82,1
DA:83,1
DA:86,5
DA:90,19
DA:121,3
LF:50
LH:46
BRDA:32,0,0,0
BRDA:32,0,1,3
BRDA:32,1,0,3
BRDA:32,1,1,3
BRDA:53,2,0,4
BRDA:53,2,1,1
BRDA:70,3,0,2
BRDA:70,3,1,1
BRDA:74,4,0,1
BRDA:74,4,1,1
BRDA:75,5,0,1
BRDA:75,5,1,0
BRDA:75,6,0,1
BRDA:75,6,1,0
BRDA:75,6,2,0
BRDA:76,7,0,1
BRDA:76,7,1,0
BRDA:82,8,0,1
BRDA:82,8,1,0
BRDA:82,8,2,0
BRDA:102,9,0,19
BRDA:102,9,1,2
BRDA:112,10,0,19
BRDA:112,10,1,4
BRDA:118,11,0,4
BRDA:118,11,1,3
BRDA:134,12,0,17
BRDA:134,12,1,2
BRDA:166,13,0,19
BRDA:166,13,1,16
BRDA:174,14,0,17
BRDA:174,14,1,2
BRDA:181,15,0,17
BRDA:181,15,1,17
BRDA:189,16,0,17
BRDA:189,16,1,17
BRDA:199,17,0,17
BRDA:199,17,1,17
BRDA:212,18,0,17
BRDA:212,18,1,17
BRDA:223,19,0,2
BRDA:223,19,1,2
BRDA:233,20,0,2
BRDA:233,20,1,2
BRDA:244,21,0,0
BRDA:244,21,1,2
BRDA:246,22,0,0
BRDA:246,22,1,2
BRDA:246,23,0,0
BRDA:246,23,1,0
BRDA:246,24,0,2
BRDA:246,24,1,2
BRDA:248,25,0,0
BRDA:248,25,1,2
BRDA:270,26,0,19
BRDA:270,26,1,19
BRDA:280,27,0,19
BRDA:280,27,1,19
BRDA:289,28,0,19
BRDA:289,28,1,17
BRDA:311,29,0,19
BRDA:311,29,1,0
BRDA:324,30,0,19
BRDA:324,30,1,0
BRDA:334,31,0,19
BRDA:334,31,1,0
BRDA:347,32,0,19
BRDA:347,32,1,19
BRDA:356,33,0,19
BRDA:356,33,1,19
BRDA:365,34,0,19
BRDA:365,34,1,19
BRDA:385,35,0,5
BRDA:385,35,1,14
BRF:74
BRH:59
end_of_record
TN:
SF:src\pages\Login.tsx
FN:8,(anonymous_0)
FN:20,(anonymous_1)
FN:89,(anonymous_2)
FN:108,(anonymous_3)
FN:113,(anonymous_4)
FNF:5
FNH:4
FNDA:10,(anonymous_0)
FNDA:2,(anonymous_1)
FNDA:1,(anonymous_2)
FNDA:2,(anonymous_3)
FNDA:0,(anonymous_4)
DA:8,1
DA:9,10
DA:10,10
DA:11,10
DA:12,10
DA:13,10
DA:15,10
DA:16,10
DA:18,10
DA:20,10
DA:21,2
DA:22,2
DA:23,2
DA:25,2
DA:26,2
DA:27,1
DA:29,1
DA:31,2
DA:35,10
DA:89,1
DA:108,2
DA:113,0
LF:22
LH:21
BRDA:18,0,0,10
BRDA:18,0,1,10
BRDA:102,1,0,0
BRDA:102,1,1,10
BRDA:115,2,0,0
BRDA:115,2,1,10
BRDA:132,3,0,10
BRDA:132,3,1,2
BRDA:148,4,0,2
BRDA:148,4,1,8
BRF:10
BRH:8
end_of_record
TN:
SF:src\pages\SearchLcnPage.tsx
FN:11,(anonymous_0)
FN:32,(anonymous_1)
FN:36,(anonymous_2)
FN:42,(anonymous_3)
FN:58,(anonymous_4)
FN:63,(anonymous_5)
FN:70,(anonymous_6)
FN:86,(anonymous_7)
FN:118,(anonymous_8)
FN:123,(anonymous_9)
FN:160,(anonymous_10)
FN:176,(anonymous_11)
FN:185,(anonymous_12)
FN:188,(anonymous_13)
FN:200,(anonymous_14)
FN:275,(anonymous_15)
FN:301,(anonymous_16)
FN:309,(anonymous_17)
FN:334,(anonymous_18)
FN:341,(anonymous_19)
FN:355,(anonymous_20)
FN:360,(anonymous_21)
FN:366,(anonymous_22)
FNF:23
FNH:20
FNDA:51,(anonymous_0)
FNDA:1,(anonymous_1)
FNDA:0,(anonymous_2)
FNDA:0,(anonymous_3)
FNDA:3,(anonymous_4)
FNDA:2,(anonymous_5)
FNDA:1,(anonymous_6)
FNDA:12,(anonymous_7)
FNDA:10,(anonymous_8)
FNDA:1,(anonymous_9)
FNDA:2,(anonymous_10)
FNDA:1,(anonymous_11)
FNDA:3,(anonymous_12)
FNDA:145,(anonymous_13)
FNDA:1,(anonymous_14)
FNDA:16,(anonymous_15)
FNDA:1,(anonymous_16)
FNDA:3,(anonymous_17)
FNDA:1,(anonymous_18)
FNDA:1,(anonymous_19)
FNDA:1,(anonymous_20)
FNDA:1,(anonymous_21)
FNDA:0,(anonymous_22)
DA:11,1
DA:12,51
DA:13,51
DA:14,51
DA:15,51
DA:17,51
DA:18,51
DA:19,51
DA:21,51
DA:22,51
DA:24,51
DA:25,51
DA:26,51
DA:27,51
DA:28,51
DA:30,51
DA:32,51
DA:33,1
DA:36,51
DA:37,0
DA:38,0
DA:39,0
DA:40,0
DA:42,0
DA:45,0
DA:49,0
DA:50,0
DA:52,0
DA:54,0
DA:58,51
DA:59,3
DA:60,3
DA:63,51
DA:64,2
DA:65,2
DA:66,2
DA:67,1
DA:68,1
DA:70,1
DA:74,1
DA:75,1
DA:77,1
DA:78,0
DA:80,1
DA:82,1
DA:86,51
DA:87,12
DA:88,12
DA:89,12
DA:90,12
DA:96,12
DA:97,12
DA:99,12
DA:100,2
DA:101,1
DA:103,1
DA:107,12
DA:108,11
DA:109,11
DA:111,1
DA:112,1
DA:114,12
DA:118,51
DA:119,10
DA:120,10
DA:123,51
DA:124,1
DA:125,1
DA:126,1
DA:127,1
DA:128,1
DA:129,1
DA:130,1
DA:133,51
DA:137,51
DA:161,2
DA:162,2
DA:176,1
DA:185,3
DA:189,145
DA:200,1
DA:276,16
DA:301,1
DA:309,3
DA:334,1
DA:341,1
DA:355,1
DA:360,1
DA:366,0
LF:89
LH:77
BRDA:39,0,0,0
BRDA:39,0,1,0
BRDA:42,1,0,0
BRDA:42,1,1,0
BRDA:49,2,0,0
BRDA:49,2,1,0
BRDA:64,3,0,0
BRDA:64,3,1,2
BRDA:67,4,0,1
BRDA:67,4,1,0
BRDA:77,5,0,0
BRDA:77,5,1,1
BRDA:86,6,0,12
BRDA:96,7,0,0
BRDA:96,7,1,12
BRDA:97,8,0,0
BRDA:97,8,1,12
BRDA:99,9,0,2
BRDA:99,9,1,10
BRDA:100,10,0,1
BRDA:100,10,1,1
BRDA:112,11,0,1
BRDA:112,11,1,0
BRDA:133,12,0,43
BRDA:133,12,1,8
BRDA:219,13,0,12
BRDA:219,13,1,39
BRDA:226,14,0,51
BRDA:226,14,1,1
BRDA:241,15,0,51
BRDA:241,15,1,21
BRDA:258,16,0,51
BRDA:258,16,1,51
BRDA:262,17,0,30
BRDA:262,17,1,21
BRDA:264,18,0,30
BRDA:264,18,1,0
BRDA:268,19,0,5
BRDA:268,19,1,16
BRDA:270,20,0,5
BRDA:270,20,1,0
BRDA:277,21,0,16
BRDA:277,21,1,0
BRDA:279,22,0,16
BRDA:279,22,1,0
BRDA:279,23,0,16
BRDA:279,23,1,0
BRDA:279,24,0,16
BRDA:279,24,1,15
BRDA:279,25,0,0
BRDA:279,25,1,0
BRDA:282,26,0,16
BRDA:282,26,1,16
BRDA:282,27,0,16
BRDA:282,27,1,16
BRDA:285,28,0,16
BRDA:285,28,1,0
BRDA:285,29,0,16
BRDA:285,29,1,16
BRDA:288,30,0,0
BRDA:288,30,1,16
BRDA:289,31,0,16
BRDA:289,31,1,16
BRDA:289,31,2,16
BRDA:293,32,0,0
BRDA:293,32,1,16
BRDA:295,33,0,16
BRDA:295,33,1,16
BRDA:297,34,0,16
BRDA:297,34,1,15
BRDA:327,35,0,51
BRDA:327,35,1,21
BRDA:327,35,2,4
BRDA:335,36,0,4
BRDA:335,36,1,2
BRDA:342,37,0,4
BRDA:342,37,1,2
BRDA:362,38,0,51
BRDA:362,38,1,46
BRF:79
BRH:57
end_of_record
TN:
SF:src\pages\admin\Dashboard.tsx
FN:20,(anonymous_0)
FN:25,(anonymous_1)
FN:26,(anonymous_2)
FN:48,(anonymous_3)
FN:123,(anonymous_4)
FNF:5
FNH:4
FNDA:5,(anonymous_0)
FNDA:3,(anonymous_1)
FNDA:3,(anonymous_2)
FNDA:1,(anonymous_3)
FNDA:0,(anonymous_4)
DA:20,1
DA:21,5
DA:22,5
DA:23,5
DA:25,5
DA:26,3
DA:27,3
DA:28,3
DA:29,3
DA:33,1
DA:34,1
DA:36,1
DA:38,2
DA:41,3
DA:44,5
DA:45,3
DA:48,2
DA:49,1
DA:52,2
DA:124,0
DA:125,0
DA:126,0
DA:129,0
DA:130,0
DA:131,0
DA:132,0
DA:134,0
LF:27
LH:19
BRDA:44,0,0,3
BRDA:44,0,1,2
BRDA:61,1,0,2
BRDA:61,1,1,1
BRDA:90,2,0,1
BRDA:90,2,1,0
BRDA:91,3,0,1
BRDA:91,3,1,0
BRDA:118,4,0,2
BRDA:118,4,1,0
BRDA:125,5,0,0
BRDA:125,5,1,0
BRDA:126,6,0,0
BRDA:126,6,1,0
BRDA:131,7,0,0
BRDA:131,7,1,0
BRDA:132,8,0,0
BRDA:132,8,1,0
BRF:18
BRH:7
end_of_record
TN:
SF:src\pages\admin\UserManagement.tsx
FN:14,(anonymous_0)
FN:29,(anonymous_1)
FN:42,(anonymous_2)
FN:46,(anonymous_3)
FN:70,(anonymous_4)
FN:79,(anonymous_5)
FN:125,(anonymous_6)
FN:135,(anonymous_7)
FN:145,(anonymous_8)
FN:153,(anonymous_9)
FN:203,(anonymous_10)
FN:230,(anonymous_11)
FN:240,(anonymous_12)
FN:262,(anonymous_13)
FNF:14
FNH:8
FNDA:11,(anonymous_0)
FNDA:4,(anonymous_1)
FNDA:3,(anonymous_2)
FNDA:1,(anonymous_3)
FNDA:0,(anonymous_4)
FNDA:0,(anonymous_5)
FNDA:1,(anonymous_6)
FNDA:1,(anonymous_7)
FNDA:1,(anonymous_8)
FNDA:0,(anonymous_9)
FNDA:1,(anonymous_10)
FNDA:0,(anonymous_11)
FNDA:0,(anonymous_12)
FNDA:0,(anonymous_13)
DA:14,1
DA:15,11
DA:16,11
DA:17,11
DA:19,11
DA:20,11
DA:23,11
DA:24,11
DA:25,11
DA:26,11
DA:27,11
DA:29,11
DA:30,4
DA:31,4
DA:32,4
DA:33,3
DA:34,3
DA:36,1
DA:38,4
DA:42,11
DA:43,3
DA:46,11
DA:47,1
DA:48,1
DA:49,1
DA:50,1
DA:57,1
DA:58,1
DA:59,1
DA:60,1
DA:62,1
DA:64,0
DA:66,1
DA:70,11
DA:71,0
DA:72,0
DA:73,0
DA:75,0
DA:79,11
DA:80,0
DA:81,0
DA:82,0
DA:83,0
DA:84,0
DA:85,0
DA:87,0
DA:88,0
DA:90,0
DA:92,0
DA:93,0
DA:97,11
DA:125,1
DA:135,1
DA:145,1
DA:153,0
DA:204,1
DA:230,0
DA:241,0
DA:242,0
DA:262,0
LF:60
LH:39
BRDA:80,0,0,0
BRDA:80,0,1,0
BRDA:87,1,0,0
BRDA:87,1,1,0
BRDA:87,2,0,0
BRDA:87,2,1,0
BRDA:87,2,2,0
BRDA:107,3,0,11
BRDA:107,3,1,1
BRDA:167,4,0,1
BRDA:167,4,1,10
BRDA:190,5,0,3
BRDA:190,5,1,8
BRDA:196,6,0,7
BRDA:196,6,1,1
BRDA:209,7,0,1
BRDA:209,7,1,0
BRDA:211,8,0,0
BRDA:211,8,1,0
BRDA:213,9,0,0
BRDA:213,9,1,0
BRDA:222,10,0,1
BRDA:222,10,1,0
BRDA:224,11,0,1
BRDA:224,11,1,0
BRDA:232,12,0,1
BRDA:232,12,1,0
BRDA:237,13,0,1
BRDA:237,13,1,0
BRDA:264,14,0,11
BRDA:264,14,1,11
BRF:31
BRH:15
end_of_record
TN:
SF:src\services\authService.ts
FN:4,(anonymous_0)
FN:12,(anonymous_1)
FN:16,(anonymous_2)
FN:20,(anonymous_3)
FN:37,(anonymous_4)
FNF:5
FNH:5
FNDA:1,(anonymous_0)
FNDA:1,(anonymous_1)
FNDA:2,(anonymous_2)
FNDA:4,(anonymous_3)
FNDA:2,(anonymous_4)
DA:3,1
DA:5,1
DA:6,1
DA:7,1
DA:9,1
DA:13,1
DA:17,2
DA:21,4
DA:22,4
DA:23,4
DA:24,4
DA:31,4
DA:33,1
DA:38,2
DA:39,2
DA:40,2
LF:16
LH:16
BRDA:6,0,0,1
BRDA:6,0,1,0
BRDA:6,1,0,1
BRDA:6,1,1,1
BRDA:22,2,0,0
BRDA:22,2,1,4
BRDA:31,3,0,4
BRDA:31,3,1,0
BRDA:31,3,2,0
BRDA:39,4,0,0
BRDA:39,4,1,2
BRF:11
BRH:6
end_of_record
TN:
SF:src\services\lcnService.ts
FN:15,(anonymous_0)
FN:18,(anonymous_1)
FN:27,(anonymous_2)
FN:32,(anonymous_3)
FN:36,(anonymous_4)
FNF:5
FNH:5
FNDA:1,(anonymous_0)
FNDA:3,(anonymous_1)
FNDA:1,(anonymous_2)
FNDA:1,(anonymous_3)
FNDA:1,(anonymous_4)
DA:14,1
DA:17,1
DA:18,3
DA:21,1
DA:24,1
DA:28,1
DA:29,1
DA:33,1
DA:37,1
DA:38,1
LF:10
LH:10
BRDA:18,0,0,3
BRDA:18,0,1,3
BRF:2
BRH:2
end_of_record
TN:
SF:src\types\LcnSynth.ts
FNF:0
FNH:0
DA:1,2
DA:8,2
DA:14,2
LF:3
LH:3
BRF:0
BRH:0
end_of_record
